
<code class="block">
  <el-proc
    class="selected focused ok multiline"
    id="proc1"
    tabindex="-1"
  >
    <el-top>
      <el-expand>
        +
      </el-expand>
      <el-kw>
        procedure
      </el-kw>
      <el-field
        id="ident3"
        class="ok"
        tabindex="-1"
      >
        <el-txt>
          <el-method>
            fillRandom
          </el-method>
        </el-txt>
        <el-place>
          <i>
            name
          </i>
        </el-place>
        <el-compl>
        </el-compl>
        <el-msg>
        </el-msg>
        <el-help title="Click to open Help for this field">
          <a
            href="documentation/LangRef.html#MethodNameField"
            target="help-iframe"
            tabindex="-1"
          >
            ?
          </a>
        </el-help>
      </el-field>
      <el-punc>
        (
      </el-punc>
      <el-field
        id="params4"
        class="optional ok"
        tabindex="-1"
      >
        <el-txt>
          <el-id>
            grid
          </el-id>
          <el-kw>
            as
          </el-kw>
          <el-type>
            Array2D
          </el-type>
          &lt;
          <el-kw>
            of
          </el-kw>
          <el-type>
            Int
          </el-type>
          &gt;
        </el-txt>
        <el-place>
          <i>
            parameter definitions
          </i>
        </el-place>
        <el-compl>
        </el-compl>
        <el-msg>
        </el-msg>
        <el-help title="Click to open Help for this field">
          <a
            href="documentation/LangRef.html#ParamListField"
            target="help-iframe"
            tabindex="-1"
          >
            ?
          </a>
        </el-help>
      </el-field>
      <el-punc>
        )
      </el-punc>
      <el-help title="Click to open Help for this instruction">
        <a
          href="documentation/LangRef.html#procedure"
          target="help-iframe"
          tabindex="-1"
        >
          ?
        </a>
      </el-help>
      <el-msg>
      </el-msg>
      <el-fr>
        1
      </el-fr>
    </el-top>
    <el-statement
      class="ok multiline"
      id="for5"
      tabindex="-1"
    >
      <el-top>
        <el-expand>
          +
        </el-expand>
        <el-kw>
          for
        </el-kw>
        <el-field
          id="ident7"
          class="ok"
          tabindex="-1"
        >
          <el-txt>
            <el-id>
              col
            </el-id>
          </el-txt>
          <el-place>
            <i>
              counterName
            </i>
          </el-place>
          <el-compl>
          </el-compl>
          <el-msg>
          </el-msg>
          <el-help title="Click to open Help for this field">
            <a
              href="documentation/LangRef.html#IdentifierField"
              target="help-iframe"
              tabindex="-1"
            >
              ?
            </a>
          </el-help>
        </el-field>
        <el-kw>
          from
        </el-kw>
        <el-field
          id="expr8"
          class="ok"
          tabindex="-1"
        >
          <el-txt>
            <el-lit>
              0
            </el-lit>
          </el-txt>
          <el-place>
            <i>
              firstValue
            </i>
          </el-place>
          <el-compl>
          </el-compl>
          <el-msg>
          </el-msg>
          <el-help title="Click to open Help for this field">
            <a
              href="documentation/LangRef.html#ExpressionField"
              target="help-iframe"
              tabindex="-1"
            >
              ?
            </a>
          </el-help>
        </el-field>
        <el-kw>
          to
        </el-kw>
        <el-field
          id="expr9"
          class="ok"
          tabindex="-1"
        >
          <el-txt>
            <el-lit>
              39
            </el-lit>
          </el-txt>
          <el-place>
            <i>
              lastValue
            </i>
          </el-place>
          <el-compl>
          </el-compl>
          <el-msg>
          </el-msg>
          <el-help title="Click to open Help for this field">
            <a
              href="documentation/LangRef.html#ExpressionField"
              target="help-iframe"
              tabindex="-1"
            >
              ?
            </a>
          </el-help>
        </el-field>
        <el-kw>
          step
        </el-kw>
        <el-field
          id="expr10"
          class="ok"
          tabindex="-1"
        >
          <el-txt>
            <el-lit>
              1
            </el-lit>
          </el-txt>
          <el-place>
            <i>
              stepValue
            </i>
          </el-place>
          <el-compl>
          </el-compl>
          <el-msg>
          </el-msg>
          <el-help title="Click to open Help for this field">
            <a
              href="documentation/LangRef.html#ExpressionField"
              target="help-iframe"
              tabindex="-1"
            >
              ?
            </a>
          </el-help>
        </el-field>
        <el-msg>
        </el-msg>
        <el-fr>
          2
        </el-fr>
      </el-top>
      <el-statement
        class="ok multiline"
        id="for11"
        tabindex="-1"
      >
        <el-top>
          <el-expand>
            +
          </el-expand>
          <el-kw>
            for
          </el-kw>
          <el-field
            id="ident13"
            class="ok"
            tabindex="-1"
          >
            <el-txt>
              <el-id>
                row
              </el-id>
            </el-txt>
            <el-place>
              <i>
                counterName
              </i>
            </el-place>
            <el-compl>
            </el-compl>
            <el-msg>
            </el-msg>
            <el-help title="Click to open Help for this field">
              <a
                href="documentation/LangRef.html#IdentifierField"
                target="help-iframe"
                tabindex="-1"
              >
                ?
              </a>
            </el-help>
          </el-field>
          <el-kw>
            from
          </el-kw>
          <el-field
            id="expr14"
            class="ok"
            tabindex="-1"
          >
            <el-txt>
              <el-lit>
                0
              </el-lit>
            </el-txt>
            <el-place>
              <i>
                firstValue
              </i>
            </el-place>
            <el-compl>
            </el-compl>
            <el-msg>
            </el-msg>
            <el-help title="Click to open Help for this field">
              <a
                href="documentation/LangRef.html#ExpressionField"
                target="help-iframe"
                tabindex="-1"
              >
                ?
              </a>
            </el-help>
          </el-field>
          <el-kw>
            to
          </el-kw>
          <el-field
            id="expr15"
            class="ok"
            tabindex="-1"
          >
            <el-txt>
              <el-lit>
                29
              </el-lit>
            </el-txt>
            <el-place>
              <i>
                lastValue
              </i>
            </el-place>
            <el-compl>
            </el-compl>
            <el-msg>
            </el-msg>
            <el-help title="Click to open Help for this field">
              <a
                href="documentation/LangRef.html#ExpressionField"
                target="help-iframe"
                tabindex="-1"
              >
                ?
              </a>
            </el-help>
          </el-field>
          <el-kw>
            step
          </el-kw>
          <el-field
            id="expr16"
            class="ok"
            tabindex="-1"
          >
            <el-txt>
              <el-lit>
                1
              </el-lit>
            </el-txt>
            <el-place>
              <i>
                stepValue
              </i>
            </el-place>
            <el-compl>
            </el-compl>
            <el-msg>
            </el-msg>
            <el-help title="Click to open Help for this field">
              <a
                href="documentation/LangRef.html#ExpressionField"
                target="help-iframe"
                tabindex="-1"
              >
                ?
              </a>
            </el-help>
          </el-field>
          <el-msg>
          </el-msg>
          <el-fr>
            3
          </el-fr>
        </el-top>
        <el-statement
          class="ok"
          id="let17"
          tabindex="-1"
        >
          <el-kw>
            let
          </el-kw>
          <el-field
            id="var18"
            class="ok"
            tabindex="-1"
          >
            <el-txt>
              <el-id>
                cell
              </el-id>
            </el-txt>
            <el-place>
              <i>
                name
              </i>
            </el-place>
            <el-compl>
            </el-compl>
            <el-msg>
            </el-msg>
            <el-help title="Click to open Help for this field">
              <a
                href="documentation/LangRef.html#ValueDefField"
                target="help-iframe"
                tabindex="-1"
              >
                ?
              </a>
            </el-help>
          </el-field>
          <el-kw>
            be
          </el-kw>
          <el-field
            id="expr19"
            class="ok"
            tabindex="-1"
          >
            <el-txt>
              <el-kw>
                if
              </el-kw>
              <el-method>
                random
              </el-method>
              () >
              <el-lit>
                <el-lit>
                  0
                </el-lit>
                .5
              </el-lit>
              <el-kw>
                then
              </el-kw>
              <el-id>
                black
              </el-id>
              <el-kw>
                <br>
                else
              </el-kw>
              <el-id>
                white
              </el-id>
            </el-txt>
            <el-place>
              <i>
                value or expression
              </i>
            </el-place>
            <el-compl>
            </el-compl>
            <el-msg>
            </el-msg>
            <el-help title="Click to open Help for this field">
              <a
                href="documentation/LangRef.html#ExpressionField"
                target="help-iframe"
                tabindex="-1"
              >
                ?
              </a>
            </el-help>
          </el-field>
          <el-msg>
          </el-msg>
          <el-fr>
            4
          </el-fr>
        </el-statement>
        <el-statement
          class="ok"
          id="call20"
          tabindex="-1"
        >
          <el-top>
            <el-kw>
              call
            </el-kw>
            <el-field
              id="ident21"
              class="ok"
              tabindex="-1"
            >
              <el-txt>
                <el-id>
                  grid
                </el-id>
                .
                <el-method>
                  <el-method>
                    put
                  </el-method>
                </el-method>
              </el-txt>
              <el-place>
                <i>
                  procedureName
                </i>
              </el-place>
              <el-compl>
              </el-compl>
              <el-msg>
              </el-msg>
              <el-help title="Click to open Help for this field">
                <a
                  href="documentation/LangRef.html#ProcRefField"
                  target="help-iframe"
                  tabindex="-1"
                >
                  ?
                </a>
              </el-help>
            </el-field>
            (
            <el-field
              id="args22"
              class="optional ok"
              tabindex="-1"
            >
              <el-txt>
                <el-id>
                  col
                </el-id>
                ,
                <el-id>
                  row
                </el-id>
                ,
                <el-id>
                  cell
                </el-id>
              </el-txt>
              <el-place>
                <i>
                  arguments
                </i>
              </el-place>
              <el-compl>
              </el-compl>
              <el-msg>
              </el-msg>
              <el-help title="Click to open Help for this field">
                <a
                  href="documentation/LangRef.html#ArgListField"
                  target="help-iframe"
                  tabindex="-1"
                >
                  ?
                </a>
              </el-help>
            </el-field>
            )
            <el-msg>
            </el-msg>
            <el-fr>
              5
            </el-fr>
          </el-top>
        </el-statement>
        <el-kw>
          end for
        </el-kw>
      </el-statement>
      <el-kw>
        end for
      </el-kw>
    </el-statement>
    <el-kw>
      end procedure
    </el-kw>
  </el-proc>
</code>
